c:\users\mygra\source\repos\projectalpha\projectalpha\x64\debug\projectalpha.pch
c:\users\mygra\source\repos\projectalpha\projectalpha\x64\debug\vc141.pdb
c:\users\mygra\source\repos\projectalpha\projectalpha\x64\debug\vc141.idb
c:\users\mygra\source\repos\projectalpha\projectalpha\x64\debug\stdafx.obj
c:\users\mygra\source\repos\projectalpha\projectalpha\x64\debug\actor.obj
c:\users\mygra\source\repos\projectalpha\projectalpha\x64\debug\armor.obj
c:\users\mygra\source\repos\projectalpha\projectalpha\x64\debug\battlesequence.obj
c:\users\mygra\source\repos\projectalpha\projectalpha\x64\debug\enemyactor.obj
c:\users\mygra\source\repos\projectalpha\projectalpha\x64\debug\enemypod.obj
c:\users\mygra\source\repos\projectalpha\projectalpha\x64\debug\item.obj
c:\users\mygra\source\repos\projectalpha\projectalpha\x64\debug\playeractor.obj
c:\users\mygra\source\repos\projectalpha\projectalpha\x64\debug\projectalpha.obj
c:\users\mygra\source\repos\projectalpha\projectalpha\x64\debug\spell.obj
c:\users\mygra\source\repos\projectalpha\projectalpha\x64\debug\weapon.obj
c:\users\mygra\source\repos\projectalpha\x64\debug\projectalpha.exe
c:\users\mygra\source\repos\projectalpha\x64\debug\projectalpha.ilk
c:\users\mygra\source\repos\projectalpha\x64\debug\projectalpha.pdb
c:\users\mygra\source\repos\projectalpha\projectalpha\x64\debug\projectalpha.tlog\cl.command.1.tlog
c:\users\mygra\source\repos\projectalpha\projectalpha\x64\debug\projectalpha.tlog\cl.read.1.tlog
c:\users\mygra\source\repos\projectalpha\projectalpha\x64\debug\projectalpha.tlog\cl.write.1.tlog
c:\users\mygra\source\repos\projectalpha\projectalpha\x64\debug\projectalpha.tlog\link.command.1.tlog
c:\users\mygra\source\repos\projectalpha\projectalpha\x64\debug\projectalpha.tlog\link.read.1.tlog
c:\users\mygra\source\repos\projectalpha\projectalpha\x64\debug\projectalpha.tlog\link.write.1.tlog
